<?xml version="1.0" encoding="UTF-8"?>
<!-- Generated by org.testng.reporters.JUnitXMLReporter -->
<testsuite ignored="0" hostname="pavanisri-pavani-qq6a0bgkfxw" failures="0" tests="3" name="MacOSTest" time="66.413" errors="0" timestamp="08 Feb 2022 10:21:11 GMT">
  <testcase classname="MyRunner.TestRunner" name="feature" time="9.334"/>
  <testcase classname="MyRunner.TestRunner" name="feature" time="17.816"/>
  <testcase classname="MyRunner.TestRunner" name="feature" time="6.968"/>
</testsuite> <!-- MacOSTest -->
