<?xml version="1.0" encoding="UTF-8"?>
<!-- Generated by org.testng.reporters.JUnitXMLReporter -->
<testsuite ignored="0" hostname="pavanisri-pavani-qq6a0bgkfxw" failures="0" tests="3" name="Windows 7 Test" time="84.54" errors="0" timestamp="08 Feb 2022 10:21:29 GMT">
  <testcase classname="MyRunner.TestRunner" name="feature" time="8.823"/>
  <testcase classname="MyRunner.TestRunner" name="feature" time="9.224"/>
  <testcase classname="MyRunner.TestRunner" name="feature" time="6.084"/>
</testsuite> <!-- Windows 7 Test -->
